<?xml version="1.0" encoding="UTF-8"?>
<!-- Generated by org.testng.reporters.JUnitReportReporter -->
<testsuite hostname="Lenovoidealpad" failures="0" tests="1" name="testScripts.AddCategoryTest" time="15.833" errors="0" timestamp="2024-03-14T15:20:21 IST" skipped="0">
  <testcase classname="testScripts.AddCategoryTest" name="addCategoryTest" time="15.833"/>
  <system-out/>
</testsuite> <!-- testScripts.AddCategoryTest -->
